2026-07-20T15:15:13Z INF Thank you for trying Cloudflare Tunnel. Doing so, without a Cloudflare account, is a quick way to experiment and try it out. However, be aware that these account-less Tunnels have no uptime guarantee, are subject to the Cloudflare Online Services Terms of Use (https://www.cloudflare.com/website-terms/), and Cloudflare reserves the right to investigate your use of Tunnels for violations of such terms. If you intend to use Tunnels in production you should use a pre-created named tunnel by following: https://developers.cloudflare.com/cloudflare-one/connections/connect-apps
2026-07-20T15:15:13Z INF Requesting new quick Tunnel on trycloudflare.com...
2026-07-20T15:15:17Z INF +--------------------------------------------------------------------------------------------+
2026-07-20T15:15:17Z INF |  Your quick Tunnel has been created! Visit it at (it may take some time to be reachable):  |
2026-07-20T15:15:17Z INF |  https://archives-versions-bite-psychological.trycloudflare.com                            |
2026-07-20T15:15:17Z INF +--------------------------------------------------------------------------------------------+
2026-07-20T15:15:17Z INF Cannot determine default configuration path. No file [config.yml config.yaml] in [~/.cloudflared ~/.cloudflare-warp ~/cloudflare-warp]
2026-07-20T15:15:17Z INF Version 2026.7.2 (Checksum cdb5d4432f6ae1595654a692a51308b69d2bf7af961f5578d9391837cf072df9)
2026-07-20T15:15:17Z INF GOOS: windows, GOVersion: go1.26.4, GoArch: amd64
2026-07-20T15:15:17Z INF Settings: map[ha-connections:1 no-autoupdate:true protocol:quic url:http://localhost:8000]
2026-07-20T15:15:17Z INF cloudflared will not automatically update on Windows systems.
2026-07-20T15:15:17Z INF Generated Connector ID: b3da8d8f-9240-47ae-b4c3-09224c2fc055
2026-07-20T15:15:17Z INF Initial protocol quic
2026-07-20T15:15:17Z INF ICMP proxy will use 192.168.1.118 as source for IPv4
2026-07-20T15:15:17Z INF ICMP proxy will use fe80::87ae:5ac1:49a3:7d06 in zone Беспроводная сеть as source for IPv6
2026-07-20T15:15:17Z INF cloudflared does not support loading the system root certificate pool on Windows. Please use --origin-ca-pool <PATH> to specify the path to the certificate pool
2026-07-20T15:15:17Z INF ICMP proxy will use 192.168.1.118 as source for IPv4
2026-07-20T15:15:17Z INF Tunnel connection curve preferences: [X25519MLKEM768 CurveID(65074) CurveP256] connIndex=0 event=0 ip=198.41.200.233
2026-07-20T15:15:17Z INF ICMP proxy will use fe80::87ae:5ac1:49a3:7d06 in zone Беспроводная сеть as source for IPv6
2026-07-20T15:15:17Z INF Starting metrics server on 127.0.0.1:20241/metrics
2026-07-20T15:15:17Z INF +-------------------------------------------------------------------------------------+
2026-07-20T15:15:17Z INF |                               CONNECTIVITY PRE-CHECKS                               |
2026-07-20T15:15:17Z INF +-------------------------------------------------------------------------------------+
2026-07-20T15:15:17Z INF |  COMPONENT         TARGET                     STATUS  DETAILS                       |
2026-07-20T15:15:17Z INF |  DNS Resolution    region1.v2.argotunnel.com  PASS    DNS Resolved successfully     |
2026-07-20T15:15:17Z INF |  DNS Resolution    region2.v2.argotunnel.com  PASS    DNS Resolved successfully     |
2026-07-20T15:15:17Z INF |  UDP Connectivity  region1.v2.argotunnel.com  PASS    QUIC connection successful    |
2026-07-20T15:15:17Z INF |  UDP Connectivity  region2.v2.argotunnel.com  PASS    QUIC connection successful    |
2026-07-20T15:15:17Z INF |  TCP Connectivity  region1.v2.argotunnel.com  PASS    HTTP/2 connection successful  |
2026-07-20T15:15:17Z INF |  TCP Connectivity  region2.v2.argotunnel.com  PASS    HTTP/2 connection successful  |
2026-07-20T15:15:17Z INF |  Cloudflare API    api.cloudflare.com:443     PASS    API is reachable              |
2026-07-20T15:15:17Z INF |                                                                                     |
2026-07-20T15:15:17Z INF |  SUMMARY: Environment is healthy. cloudflared will use 'quic' as primary protocol.  |
2026-07-20T15:15:17Z INF +-------------------------------------------------------------------------------------+
2026-07-20T15:15:17Z INF precheck component="DNS Resolution" details="DNS Resolved successfully" run_id=e1d51426-24b2-490a-8d5c-0e38d17a5c80 status=pass target=region1.v2.argotunnel.com
2026-07-20T15:15:17Z INF precheck component="DNS Resolution" details="DNS Resolved successfully" run_id=e1d51426-24b2-490a-8d5c-0e38d17a5c80 status=pass target=region2.v2.argotunnel.com
2026-07-20T15:15:17Z INF precheck component="UDP Connectivity" details="QUIC connection successful" run_id=e1d51426-24b2-490a-8d5c-0e38d17a5c80 status=pass target=region1.v2.argotunnel.com
2026-07-20T15:15:17Z INF precheck component="UDP Connectivity" details="QUIC connection successful" run_id=e1d51426-24b2-490a-8d5c-0e38d17a5c80 status=pass target=region2.v2.argotunnel.com
2026-07-20T15:15:17Z INF precheck component="TCP Connectivity" details="HTTP/2 connection successful" run_id=e1d51426-24b2-490a-8d5c-0e38d17a5c80 status=pass target=region1.v2.argotunnel.com
2026-07-20T15:15:17Z INF precheck component="TCP Connectivity" details="HTTP/2 connection successful" run_id=e1d51426-24b2-490a-8d5c-0e38d17a5c80 status=pass target=region2.v2.argotunnel.com
2026-07-20T15:15:17Z INF precheck component="Cloudflare API" details="API is reachable" run_id=e1d51426-24b2-490a-8d5c-0e38d17a5c80 status=pass target=api.cloudflare.com:443
2026-07-20T15:15:17Z INF precheck complete hard_fail=false run_id=e1d51426-24b2-490a-8d5c-0e38d17a5c80 suggested_protocol=quic
2026-07-20T15:15:17Z INF Registered tunnel connection connIndex=0 connection=173872de-1361-4acc-b0dd-9b260489c446 event=0 ip=198.41.200.233 location=hkg11 protocol=quic
Pseudo-terminal will not be allocated because stdin is not a terminal.
[32mForwarding HTTP traffic from https://opendeck-tma.serveousercontent.com
[0mPseudo-terminal will not be allocated because stdin is not a terminal.
[32mForwarding HTTP traffic from https://opendeck-tma.serveousercontent.com
[0mPseudo-terminal will not be allocated because stdin is not a terminal.
[32mForwarding HTTP traffic from https://opendeck-tma.serveousercontent.com
[0mPseudo-terminal will not be allocated because stdin is not a terminal.
[32mForwarding HTTP traffic from https://opendeck-tma.serveousercontent.com
[0mPseudo-terminal will not be allocated because stdin is not a terminal.
[32mForwarding HTTP traffic from https://opendeck-tma.serveousercontent.com
[0m